{
  "/Users/timbutler/Projects/becoming-engine-v/src/dna.ts": {
    "path": "/Users/timbutler/Projects/becoming-engine-v/src/dna.ts",
    "statementMap": {
      "0": {
        "start": { "line": 19, "column": 26 },
        "end": { "line": 19, "column": null }
      },
      "1": {
        "start": { "line": 22, "column": 40 },
        "end": { "line": 22, "column": null }
      },
      "2": {
        "start": { "line": 25, "column": 35 },
        "end": { "line": 25, "column": null }
      },
      "3": {
        "start": { "line": 28, "column": 33 },
        "end": { "line": 28, "column": null }
      },
      "4": {
        "start": { "line": 31, "column": 29 },
        "end": { "line": 31, "column": null }
      },
      "5": {
        "start": { "line": 34, "column": 32 },
        "end": { "line": 34, "column": null }
      },
      "6": {
        "start": { "line": 37, "column": 31 },
        "end": { "line": 37, "column": null }
      },
      "7": {
        "start": { "line": 44, "column": 43 },
        "end": { "line": 44, "column": null }
      },
      "8": {
        "start": { "line": 47, "column": 49 },
        "end": { "line": 47, "column": null }
      },
      "9": {
        "start": { "line": 54, "column": 30 },
        "end": { "line": 54, "column": null }
      }
    },
    "fnMap": {},
    "branchMap": {},
    "s": {
      "0": 7,
      "1": 7,
      "2": 7,
      "3": 7,
      "4": 7,
      "5": 7,
      "6": 7,
      "7": 7,
      "8": 7,
      "9": 7
    },
    "f": {},
    "b": {},
    "meta": {
      "lastBranch": 0,
      "lastFunction": 0,
      "lastStatement": 10,
      "seen": {
        "s:19:26:19:Infinity": 0,
        "s:22:40:22:Infinity": 1,
        "s:25:35:25:Infinity": 2,
        "s:28:33:28:Infinity": 3,
        "s:31:29:31:Infinity": 4,
        "s:34:32:34:Infinity": 5,
        "s:37:31:37:Infinity": 6,
        "s:44:43:44:Infinity": 7,
        "s:47:49:47:Infinity": 8,
        "s:54:30:54:Infinity": 9
      }
    }
  },
  "/Users/timbutler/Projects/becoming-engine-v/src/libs/memory/index.ts": {
    "path": "/Users/timbutler/Projects/becoming-engine-v/src/libs/memory/index.ts",
    "statementMap": {},
    "fnMap": {},
    "branchMap": {},
    "s": {},
    "f": {},
    "b": {},
    "meta": {
      "lastBranch": 0,
      "lastFunction": 0,
      "lastStatement": 0,
      "seen": {}
    }
  },
  "/Users/timbutler/Projects/becoming-engine-v/src/libs/memory/store.ts": {
    "path": "/Users/timbutler/Projects/becoming-engine-v/src/libs/memory/store.ts",
    "statementMap": {
      "0": {
        "start": { "line": 31, "column": 17 },
        "end": { "line": 31, "column": null }
      },
      "1": {
        "start": { "line": 32, "column": 19 },
        "end": { "line": 32, "column": null }
      },
      "2": {
        "start": { "line": 35, "column": 43 },
        "end": { "line": 37, "column": null }
      },
      "3": {
        "start": { "line": 38, "column": 38 },
        "end": { "line": 38, "column": null }
      },
      "4": {
        "start": { "line": 39, "column": 32 },
        "end": { "line": 39, "column": null }
      },
      "5": {
        "start": { "line": 40, "column": 44 },
        "end": { "line": 40, "column": null }
      },
      "6": {
        "start": { "line": 41, "column": 43 },
        "end": { "line": 41, "column": null }
      },
      "7": {
        "start": { "line": 49, "column": 29 },
        "end": { "line": 53, "column": null }
      },
      "8": {
        "start": { "line": 61, "column": 21 },
        "end": { "line": 61, "column": null }
      },
      "9": {
        "start": { "line": 62, "column": 4 },
        "end": { "line": 62, "column": null }
      },
      "10": {
        "start": { "line": 63, "column": 4 },
        "end": { "line": 66, "column": null }
      },
      "11": {
        "start": { "line": 67, "column": 4 },
        "end": { "line": 67, "column": null }
      },
      "12": {
        "start": { "line": 82, "column": 4 },
        "end": { "line": 118, "column": null }
      },
      "13": {
        "start": { "line": 83, "column": 21 },
        "end": { "line": 83, "column": null }
      },
      "14": {
        "start": { "line": 84, "column": 6 },
        "end": { "line": 87, "column": null }
      },
      "15": {
        "start": { "line": 85, "column": 8 },
        "end": { "line": 85, "column": null }
      },
      "16": {
        "start": { "line": 86, "column": 8 },
        "end": { "line": 86, "column": null }
      },
      "17": {
        "start": { "line": 88, "column": 28 },
        "end": { "line": 88, "column": null }
      },
      "18": {
        "start": { "line": 90, "column": 6 },
        "end": { "line": 92, "column": null }
      },
      "19": {
        "start": { "line": 91, "column": 8 },
        "end": { "line": 91, "column": null }
      },
      "20": {
        "start": { "line": 94, "column": 6 },
        "end": { "line": 96, "column": null }
      },
      "21": {
        "start": { "line": 95, "column": 8 },
        "end": { "line": 95, "column": null }
      },
      "22": {
        "start": { "line": 98, "column": 6 },
        "end": { "line": 100, "column": null }
      },
      "23": {
        "start": { "line": 99, "column": 8 },
        "end": { "line": 99, "column": null }
      },
      "24": {
        "start": { "line": 102, "column": 6 },
        "end": { "line": 104, "column": null }
      },
      "25": {
        "start": { "line": 103, "column": 8 },
        "end": { "line": 103, "column": null }
      },
      "26": {
        "start": { "line": 106, "column": 6 },
        "end": { "line": 109, "column": null }
      },
      "27": {
        "start": { "line": 108, "column": 8 },
        "end": { "line": 108, "column": null }
      },
      "28": {
        "start": { "line": 111, "column": 6 },
        "end": { "line": 111, "column": null }
      },
      "29": {
        "start": { "line": 112, "column": 6 },
        "end": { "line": 112, "column": null }
      },
      "30": {
        "start": { "line": 113, "column": 6 },
        "end": { "line": 113, "column": null }
      },
      "31": {
        "start": { "line": 115, "column": 6 },
        "end": { "line": 115, "column": null }
      },
      "32": {
        "start": { "line": 116, "column": 6 },
        "end": { "line": 116, "column": null }
      },
      "33": {
        "start": { "line": 117, "column": 6 },
        "end": { "line": 117, "column": null }
      },
      "34": {
        "start": { "line": 133, "column": 4 },
        "end": { "line": 133, "column": null }
      },
      "35": {
        "start": { "line": 135, "column": 20 },
        "end": { "line": 135, "column": null }
      },
      "36": {
        "start": { "line": 136, "column": 4 },
        "end": { "line": 142, "column": null }
      },
      "37": {
        "start": { "line": 137, "column": 12 },
        "end": { "line": 137, "column": null }
      },
      "38": {
        "start": { "line": 138, "column": 6 },
        "end": { "line": 138, "column": null }
      },
      "39": {
        "start": { "line": 139, "column": 6 },
        "end": { "line": 139, "column": null }
      },
      "40": {
        "start": { "line": 141, "column": 6 },
        "end": { "line": 141, "column": null }
      },
      "41": {
        "start": { "line": 158, "column": 37 },
        "end": { "line": 163, "column": null }
      },
      "42": {
        "start": { "line": 165, "column": 48 },
        "end": { "line": 170, "column": null }
      },
      "43": {
        "start": { "line": 172, "column": 4 },
        "end": { "line": 178, "column": null }
      },
      "44": {
        "start": { "line": 182, "column": 4 },
        "end": { "line": 182, "column": null }
      }
    },
    "fnMap": {
      "0": {
        "name": "(anonymous_0)",
        "decl": {
          "start": { "line": 50, "column": 2 },
          "end": { "line": 50, "column": 15 }
        },
        "loc": {
          "start": { "line": 50, "column": 15 },
          "end": { "line": 50, "column": null }
        },
        "line": 50
      },
      "1": {
        "name": "(anonymous_1)",
        "decl": {
          "start": { "line": 51, "column": 2 },
          "end": { "line": 51, "column": 15 }
        },
        "loc": {
          "start": { "line": 51, "column": 15 },
          "end": { "line": 51, "column": null }
        },
        "line": 51
      },
      "2": {
        "name": "(anonymous_2)",
        "decl": {
          "start": { "line": 52, "column": 2 },
          "end": { "line": 52, "column": 16 }
        },
        "loc": {
          "start": { "line": 52, "column": 16 },
          "end": { "line": 52, "column": null }
        },
        "line": 52
      },
      "3": {
        "name": "(anonymous_3)",
        "decl": {
          "start": { "line": 60, "column": 2 },
          "end": { "line": 60, "column": 14 }
        },
        "loc": {
          "start": { "line": 60, "column": 64 },
          "end": { "line": 68, "column": null }
        },
        "line": 60
      },
      "4": {
        "name": "(anonymous_4)",
        "decl": {
          "start": { "line": 81, "column": 8 },
          "end": { "line": 81, "column": 31 }
        },
        "loc": {
          "start": { "line": 81, "column": 31 },
          "end": { "line": 119, "column": null }
        },
        "line": 81
      },
      "5": {
        "name": "(anonymous_5)",
        "decl": {
          "start": { "line": 132, "column": 8 },
          "end": { "line": 132, "column": 13 }
        },
        "loc": {
          "start": { "line": 132, "column": 42 },
          "end": { "line": 143, "column": null }
        },
        "line": 132
      },
      "6": {
        "name": "(anonymous_6)",
        "decl": {
          "start": { "line": 157, "column": 10 },
          "end": { "line": 157, "column": 30 }
        },
        "loc": {
          "start": { "line": 157, "column": 30 },
          "end": { "line": 179, "column": null }
        },
        "line": 157
      },
      "7": {
        "name": "(anonymous_7)",
        "decl": {
          "start": { "line": 181, "column": 16 },
          "end": { "line": 181, "column": 56 }
        },
        "loc": {
          "start": { "line": 181, "column": 56 },
          "end": { "line": 183, "column": null }
        },
        "line": 181
      }
    },
    "branchMap": {
      "0": {
        "loc": {
          "start": { "line": 61, "column": 21 },
          "end": { "line": 61, "column": null }
        },
        "type": "binary-expr",
        "locations": [
          {
            "start": { "line": 61, "column": 21 },
            "end": { "line": 61, "column": 42 }
          },
          {
            "start": { "line": 61, "column": 42 },
            "end": { "line": 61, "column": null }
          }
        ],
        "line": 61
      },
      "1": {
        "loc": {
          "start": { "line": 67, "column": 18 },
          "end": { "line": 67, "column": null }
        },
        "type": "binary-expr",
        "locations": [
          {
            "start": { "line": 67, "column": 18 },
            "end": { "line": 67, "column": 37 }
          },
          {
            "start": { "line": 67, "column": 37 },
            "end": { "line": 67, "column": null }
          }
        ],
        "line": 67
      },
      "2": {
        "loc": {
          "start": { "line": 84, "column": 6 },
          "end": { "line": 87, "column": null }
        },
        "type": "if",
        "locations": [
          {
            "start": { "line": 84, "column": 6 },
            "end": { "line": 87, "column": null }
          },
          { "start": {}, "end": {} }
        ],
        "line": 84
      },
      "3": {
        "loc": {
          "start": { "line": 90, "column": 6 },
          "end": { "line": 92, "column": null }
        },
        "type": "if",
        "locations": [
          {
            "start": { "line": 90, "column": 6 },
            "end": { "line": 92, "column": null }
          },
          { "start": {}, "end": {} }
        ],
        "line": 90
      },
      "4": {
        "loc": {
          "start": { "line": 94, "column": 6 },
          "end": { "line": 96, "column": null }
        },
        "type": "if",
        "locations": [
          {
            "start": { "line": 94, "column": 6 },
            "end": { "line": 96, "column": null }
          },
          { "start": {}, "end": {} }
        ],
        "line": 94
      },
      "5": {
        "loc": {
          "start": { "line": 98, "column": 6 },
          "end": { "line": 100, "column": null }
        },
        "type": "if",
        "locations": [
          {
            "start": { "line": 98, "column": 6 },
            "end": { "line": 100, "column": null }
          },
          { "start": {}, "end": {} }
        ],
        "line": 98
      },
      "6": {
        "loc": {
          "start": { "line": 102, "column": 6 },
          "end": { "line": 104, "column": null }
        },
        "type": "if",
        "locations": [
          {
            "start": { "line": 102, "column": 6 },
            "end": { "line": 104, "column": null }
          },
          { "start": {}, "end": {} }
        ],
        "line": 102
      },
      "7": {
        "loc": {
          "start": { "line": 106, "column": 6 },
          "end": { "line": 109, "column": null }
        },
        "type": "if",
        "locations": [
          {
            "start": { "line": 106, "column": 6 },
            "end": { "line": 109, "column": null }
          },
          { "start": {}, "end": {} }
        ],
        "line": 106
      }
    },
    "s": {
      "0": 5,
      "1": 5,
      "2": 5,
      "3": 5,
      "4": 5,
      "5": 5,
      "6": 5,
      "7": 5,
      "8": 7,
      "9": 7,
      "10": 7,
      "11": 7,
      "12": 6,
      "13": 6,
      "14": 6,
      "15": 3,
      "16": 3,
      "17": 3,
      "18": 3,
      "19": 1,
      "20": 2,
      "21": 0,
      "22": 2,
      "23": 0,
      "24": 2,
      "25": 0,
      "26": 2,
      "27": 1,
      "28": 1,
      "29": 1,
      "30": 1,
      "31": 0,
      "32": 0,
      "33": 0,
      "34": 1,
      "35": 1,
      "36": 1,
      "37": 1,
      "38": 1,
      "39": 1,
      "40": 1,
      "41": 4,
      "42": 4,
      "43": 4,
      "44": 1
    },
    "f": { "0": 3, "1": 0, "2": 0, "3": 7, "4": 6, "5": 1, "6": 4, "7": 1 },
    "b": {
      "0": [7, 7],
      "1": [7, 6],
      "2": [3, 3],
      "3": [1, 2],
      "4": [0, 2],
      "5": [0, 2],
      "6": [0, 2],
      "7": [1, 1]
    },
    "meta": {
      "lastBranch": 8,
      "lastFunction": 8,
      "lastStatement": 45,
      "seen": {
        "s:31:17:31:Infinity": 0,
        "s:32:19:32:Infinity": 1,
        "s:35:43:37:Infinity": 2,
        "s:38:38:38:Infinity": 3,
        "s:39:32:39:Infinity": 4,
        "s:40:44:40:Infinity": 5,
        "s:41:43:41:Infinity": 6,
        "s:49:29:53:Infinity": 7,
        "f:50:2:50:15": 0,
        "f:51:2:51:15": 1,
        "f:52:2:52:16": 2,
        "f:60:2:60:14": 3,
        "s:61:21:61:Infinity": 8,
        "b:61:21:61:42:61:42:61:Infinity": 0,
        "s:62:4:62:Infinity": 9,
        "s:63:4:66:Infinity": 10,
        "s:67:4:67:Infinity": 11,
        "b:67:18:67:37:67:37:67:Infinity": 1,
        "f:81:8:81:31": 4,
        "s:82:4:118:Infinity": 12,
        "s:83:21:83:Infinity": 13,
        "b:84:6:87:Infinity:undefined:undefined:undefined:undefined": 2,
        "s:84:6:87:Infinity": 14,
        "s:85:8:85:Infinity": 15,
        "s:86:8:86:Infinity": 16,
        "s:88:28:88:Infinity": 17,
        "b:90:6:92:Infinity:undefined:undefined:undefined:undefined": 3,
        "s:90:6:92:Infinity": 18,
        "s:91:8:91:Infinity": 19,
        "b:94:6:96:Infinity:undefined:undefined:undefined:undefined": 4,
        "s:94:6:96:Infinity": 20,
        "s:95:8:95:Infinity": 21,
        "b:98:6:100:Infinity:undefined:undefined:undefined:undefined": 5,
        "s:98:6:100:Infinity": 22,
        "s:99:8:99:Infinity": 23,
        "b:102:6:104:Infinity:undefined:undefined:undefined:undefined": 6,
        "s:102:6:104:Infinity": 24,
        "s:103:8:103:Infinity": 25,
        "b:106:6:109:Infinity:undefined:undefined:undefined:undefined": 7,
        "s:106:6:109:Infinity": 26,
        "s:108:8:108:Infinity": 27,
        "s:111:6:111:Infinity": 28,
        "s:112:6:112:Infinity": 29,
        "s:113:6:113:Infinity": 30,
        "s:115:6:115:Infinity": 31,
        "s:116:6:116:Infinity": 32,
        "s:117:6:117:Infinity": 33,
        "f:132:8:132:13": 5,
        "s:133:4:133:Infinity": 34,
        "s:135:20:135:Infinity": 35,
        "s:136:4:142:Infinity": 36,
        "s:137:12:137:Infinity": 37,
        "s:138:6:138:Infinity": 38,
        "s:139:6:139:Infinity": 39,
        "s:141:6:141:Infinity": 40,
        "f:157:10:157:30": 6,
        "s:158:37:163:Infinity": 41,
        "s:165:48:170:Infinity": 42,
        "s:172:4:178:Infinity": 43,
        "f:181:16:181:56": 7,
        "s:182:4:182:Infinity": 44
      }
    }
  },
  "/Users/timbutler/Projects/becoming-engine-v/src/libs/memory/types.ts": {
    "path": "/Users/timbutler/Projects/becoming-engine-v/src/libs/memory/types.ts",
    "statementMap": {
      "0": {
        "start": { "line": 44, "column": 46 },
        "end": { "line": 47, "column": null }
      },
      "1": {
        "start": { "line": 49, "column": 41 },
        "end": { "line": 52, "column": null }
      }
    },
    "fnMap": {},
    "branchMap": {},
    "s": { "0": 6, "1": 6 },
    "f": {},
    "b": {},
    "meta": {
      "lastBranch": 0,
      "lastFunction": 0,
      "lastStatement": 2,
      "seen": { "s:44:46:47:Infinity": 0, "s:49:41:52:Infinity": 1 }
    }
  },
  "/Users/timbutler/Projects/becoming-engine-v/src/libs/memory/internal/fs.ts": {
    "path": "/Users/timbutler/Projects/becoming-engine-v/src/libs/memory/internal/fs.ts",
    "statementMap": {
      "0": {
        "start": { "line": 7, "column": 14 },
        "end": { "line": 7, "column": null }
      },
      "1": {
        "start": { "line": 8, "column": 13 },
        "end": { "line": 8, "column": null }
      },
      "2": {
        "start": { "line": 9, "column": 2 },
        "end": { "line": 9, "column": null }
      },
      "3": {
        "start": { "line": 15, "column": 17 },
        "end": { "line": 15, "column": null }
      },
      "4": {
        "start": { "line": 16, "column": 2 },
        "end": { "line": 25, "column": null }
      },
      "5": {
        "start": { "line": 17, "column": 4 },
        "end": { "line": 22, "column": null }
      },
      "6": {
        "start": { "line": 24, "column": 4 },
        "end": { "line": 24, "column": null }
      },
      "7": {
        "start": { "line": 27, "column": 2 },
        "end": { "line": 33, "column": null }
      },
      "8": {
        "start": { "line": 28, "column": 4 },
        "end": { "line": 32, "column": null }
      },
      "9": {
        "start": { "line": 29, "column": 6 },
        "end": { "line": 29, "column": null }
      },
      "10": {
        "start": { "line": 40, "column": 2 },
        "end": { "line": 51, "column": null }
      },
      "11": {
        "start": { "line": 41, "column": 16 },
        "end": { "line": 41, "column": null }
      },
      "12": {
        "start": { "line": 42, "column": 10 },
        "end": { "line": 42, "column": null }
      },
      "13": {
        "start": { "line": 43, "column": 23 },
        "end": { "line": 43, "column": null }
      },
      "14": {
        "start": { "line": 44, "column": 19 },
        "end": { "line": 44, "column": null }
      },
      "15": {
        "start": { "line": 45, "column": 4 },
        "end": { "line": 47, "column": null }
      },
      "16": {
        "start": { "line": 46, "column": 6 },
        "end": { "line": 46, "column": null }
      },
      "17": {
        "start": { "line": 48, "column": 4 },
        "end": { "line": 48, "column": null }
      }
    },
    "fnMap": {
      "0": {
        "name": "getTempPath",
        "decl": {
          "start": { "line": 6, "column": 16 },
          "end": { "line": 6, "column": 28 }
        },
        "loc": {
          "start": { "line": 6, "column": 77 },
          "end": { "line": 10, "column": null }
        },
        "line": 6
      },
      "1": {
        "name": "acquireLock",
        "decl": {
          "start": { "line": 12, "column": 22 },
          "end": { "line": 12, "column": null }
        },
        "loc": {
          "start": { "line": 14, "column": 32 },
          "end": { "line": 34, "column": null }
        },
        "line": 14
      },
      "2": {
        "name": "(anonymous_2)",
        "decl": {
          "start": { "line": 27, "column": 9 },
          "end": { "line": 27, "column": 36 }
        },
        "loc": {
          "start": { "line": 27, "column": 36 },
          "end": { "line": 33, "column": null }
        },
        "line": 27
      },
      "3": {
        "name": "backupInvalidStateFile",
        "decl": {
          "start": { "line": 36, "column": 22 },
          "end": { "line": 36, "column": null }
        },
        "loc": {
          "start": { "line": 39, "column": 17 },
          "end": { "line": 52, "column": null }
        },
        "line": 39
      }
    },
    "branchMap": {
      "0": {
        "loc": {
          "start": { "line": 45, "column": 4 },
          "end": { "line": 47, "column": null }
        },
        "type": "if",
        "locations": [
          {
            "start": { "line": 45, "column": 4 },
            "end": { "line": 47, "column": null }
          },
          { "start": {}, "end": {} }
        ],
        "line": 45
      }
    },
    "s": {
      "0": 1,
      "1": 1,
      "2": 1,
      "3": 1,
      "4": 1,
      "5": 1,
      "6": 1,
      "7": 1,
      "8": 1,
      "9": 1,
      "10": 1,
      "11": 1,
      "12": 1,
      "13": 1,
      "14": 1,
      "15": 1,
      "16": 0,
      "17": 1
    },
    "f": { "0": 1, "1": 1, "2": 1, "3": 1 },
    "b": { "0": [0, 1] },
    "meta": {
      "lastBranch": 1,
      "lastFunction": 4,
      "lastStatement": 18,
      "seen": {
        "f:6:16:6:28": 0,
        "s:7:14:7:Infinity": 0,
        "s:8:13:8:Infinity": 1,
        "s:9:2:9:Infinity": 2,
        "f:12:22:12:Infinity": 1,
        "s:15:17:15:Infinity": 3,
        "s:16:2:25:Infinity": 4,
        "s:17:4:22:Infinity": 5,
        "s:24:4:24:Infinity": 6,
        "s:27:2:33:Infinity": 7,
        "f:27:9:27:36": 2,
        "s:28:4:32:Infinity": 8,
        "s:29:6:29:Infinity": 9,
        "f:36:22:36:Infinity": 3,
        "s:40:2:51:Infinity": 10,
        "s:41:16:41:Infinity": 11,
        "s:42:10:42:Infinity": 12,
        "s:43:23:43:Infinity": 13,
        "s:44:19:44:Infinity": 14,
        "b:45:4:47:Infinity:undefined:undefined:undefined:undefined": 0,
        "s:45:4:47:Infinity": 15,
        "s:46:6:46:Infinity": 16,
        "s:48:4:48:Infinity": 17
      }
    }
  },
  "/Users/timbutler/Projects/becoming-engine-v/src/libs/memory/internal/migrations.ts": {
    "path": "/Users/timbutler/Projects/becoming-engine-v/src/libs/memory/internal/migrations.ts",
    "statementMap": {
      "0": {
        "start": { "line": 11, "column": 22 },
        "end": { "line": 11, "column": null }
      },
      "1": {
        "start": { "line": 14, "column": 31 },
        "end": { "line": 14, "column": null }
      },
      "2": {
        "start": { "line": 17, "column": 2 },
        "end": { "line": 33, "column": null }
      },
      "3": {
        "start": { "line": 19, "column": 43 },
        "end": { "line": 22, "column": 6 }
      },
      "4": {
        "start": { "line": 23, "column": 41 },
        "end": { "line": 30, "column": 6 }
      },
      "5": {
        "start": { "line": 37, "column": 2 },
        "end": { "line": 40, "column": null }
      },
      "6": {
        "start": { "line": 49, "column": 2 },
        "end": { "line": 59, "column": null }
      },
      "7": {
        "start": { "line": 52, "column": 38 },
        "end": { "line": 58, "column": 6 }
      }
    },
    "fnMap": {
      "0": {
        "name": "migrateLegacyToV2",
        "decl": {
          "start": { "line": 16, "column": 16 },
          "end": { "line": 16, "column": 34 }
        },
        "loc": {
          "start": { "line": 16, "column": 79 },
          "end": { "line": 34, "column": null }
        },
        "line": 16
      },
      "1": {
        "name": "(anonymous_1)",
        "decl": {
          "start": { "line": 19, "column": 35 },
          "end": { "line": 19, "column": 36 }
        },
        "loc": {
          "start": { "line": 19, "column": 43 },
          "end": { "line": 22, "column": 6 }
        },
        "line": 19
      },
      "2": {
        "name": "(anonymous_2)",
        "decl": {
          "start": { "line": 23, "column": 33 },
          "end": { "line": 23, "column": 34 }
        },
        "loc": {
          "start": { "line": 23, "column": 41 },
          "end": { "line": 30, "column": 6 }
        },
        "line": 23
      },
      "3": {
        "name": "migrateV2ToV3",
        "decl": {
          "start": { "line": 36, "column": 16 },
          "end": { "line": 36, "column": 30 }
        },
        "loc": {
          "start": { "line": 36, "column": 52 },
          "end": { "line": 41, "column": null }
        },
        "line": 36
      },
      "4": {
        "name": "migrateV3ToV4",
        "decl": {
          "start": { "line": 48, "column": 16 },
          "end": { "line": 48, "column": 30 }
        },
        "loc": {
          "start": { "line": 48, "column": 50 },
          "end": { "line": 60, "column": null }
        },
        "line": 48
      },
      "5": {
        "name": "(anonymous_5)",
        "decl": {
          "start": { "line": 52, "column": 30 },
          "end": { "line": 52, "column": 31 }
        },
        "loc": {
          "start": { "line": 52, "column": 38 },
          "end": { "line": 58, "column": 6 }
        },
        "line": 52
      }
    },
    "branchMap": {
      "0": {
        "loc": {
          "start": { "line": 27, "column": 10 },
          "end": { "line": 29, "column": null }
        },
        "type": "cond-expr",
        "locations": [
          {
            "start": { "line": 28, "column": 10 },
            "end": { "line": 28, "column": null }
          },
          {
            "start": { "line": 29, "column": 10 },
            "end": { "line": 29, "column": null }
          }
        ],
        "line": 27
      },
      "1": {
        "loc": {
          "start": { "line": 55, "column": 10 },
          "end": { "line": 57, "column": null }
        },
        "type": "cond-expr",
        "locations": [
          {
            "start": { "line": 56, "column": 10 },
            "end": { "line": 56, "column": null }
          },
          {
            "start": { "line": 57, "column": 10 },
            "end": { "line": 57, "column": null }
          }
        ],
        "line": 55
      }
    },
    "s": { "0": 5, "1": 5, "2": 1, "3": 1, "4": 0, "5": 0, "6": 0, "7": 0 },
    "f": { "0": 1, "1": 1, "2": 0, "3": 0, "4": 0, "5": 0 },
    "b": { "0": [0, 0], "1": [0, 0] },
    "meta": {
      "lastBranch": 2,
      "lastFunction": 6,
      "lastStatement": 8,
      "seen": {
        "s:11:22:11:Infinity": 0,
        "s:14:31:14:Infinity": 1,
        "f:16:16:16:34": 0,
        "s:17:2:33:Infinity": 2,
        "f:19:35:19:36": 1,
        "s:19:43:22:6": 3,
        "f:23:33:23:34": 2,
        "s:23:41:30:6": 4,
        "b:28:10:28:Infinity:29:10:29:Infinity": 0,
        "f:36:16:36:30": 3,
        "s:37:2:40:Infinity": 5,
        "f:48:16:48:30": 4,
        "s:49:2:59:Infinity": 6,
        "f:52:30:52:31": 5,
        "s:52:38:58:6": 7,
        "b:56:10:56:Infinity:57:10:57:Infinity": 1
      }
    }
  },
  "/Users/timbutler/Projects/becoming-engine-v/src/libs/memory/internal/validation.ts": {
    "path": "/Users/timbutler/Projects/becoming-engine-v/src/libs/memory/internal/validation.ts",
    "statementMap": {
      "0": {
        "start": { "line": 22, "column": 33 },
        "end": { "line": 22, "column": null }
      },
      "1": {
        "start": { "line": 23, "column": 33 },
        "end": { "line": 23, "column": null }
      },
      "2": {
        "start": { "line": 24, "column": 33 },
        "end": { "line": 24, "column": null }
      },
      "3": {
        "start": { "line": 100, "column": 2 },
        "end": { "line": 100, "column": null }
      },
      "4": {
        "start": { "line": 106, "column": 2 },
        "end": { "line": 106, "column": null }
      },
      "5": {
        "start": { "line": 112, "column": 2 },
        "end": { "line": 112, "column": null }
      },
      "6": {
        "start": { "line": 118, "column": 2 },
        "end": { "line": 118, "column": null }
      },
      "7": {
        "start": { "line": 125, "column": 2 },
        "end": { "line": 125, "column": null }
      },
      "8": {
        "start": { "line": 129, "column": 2 },
        "end": { "line": 129, "column": null }
      },
      "9": {
        "start": { "line": 133, "column": 2 },
        "end": { "line": 135, "column": null }
      },
      "10": {
        "start": { "line": 134, "column": 4 },
        "end": { "line": 134, "column": null }
      },
      "11": {
        "start": { "line": 136, "column": 2 },
        "end": { "line": 136, "column": null }
      },
      "12": {
        "start": { "line": 140, "column": 2 },
        "end": { "line": 142, "column": null }
      },
      "13": {
        "start": { "line": 141, "column": 4 },
        "end": { "line": 141, "column": null }
      },
      "14": {
        "start": { "line": 143, "column": 14 },
        "end": { "line": 143, "column": null }
      },
      "15": {
        "start": { "line": 144, "column": 2 },
        "end": { "line": 146, "column": null }
      },
      "16": {
        "start": { "line": 145, "column": 4 },
        "end": { "line": 145, "column": null }
      },
      "17": {
        "start": { "line": 147, "column": 2 },
        "end": { "line": 147, "column": null }
      },
      "18": {
        "start": { "line": 151, "column": 2 },
        "end": { "line": 151, "column": null }
      },
      "19": {
        "start": { "line": 155, "column": 2 },
        "end": { "line": 155, "column": null }
      },
      "20": {
        "start": { "line": 159, "column": 2 },
        "end": { "line": 159, "column": null }
      },
      "21": {
        "start": { "line": 163, "column": 2 },
        "end": { "line": 163, "column": null }
      },
      "22": {
        "start": { "line": 167, "column": 14 },
        "end": { "line": 167, "column": null }
      },
      "23": {
        "start": { "line": 168, "column": 2 },
        "end": { "line": 180, "column": null }
      },
      "24": {
        "start": { "line": 169, "column": 4 },
        "end": { "line": 171, "column": null }
      },
      "25": {
        "start": { "line": 170, "column": 6 },
        "end": { "line": 170, "column": null }
      },
      "26": {
        "start": { "line": 172, "column": 16 },
        "end": { "line": 172, "column": null }
      },
      "27": {
        "start": { "line": 173, "column": 4 },
        "end": { "line": 175, "column": null }
      },
      "28": {
        "start": { "line": 174, "column": 6 },
        "end": { "line": 174, "column": null }
      },
      "29": {
        "start": { "line": 176, "column": 4 },
        "end": { "line": 178, "column": null }
      },
      "30": {
        "start": { "line": 177, "column": 6 },
        "end": { "line": 177, "column": null }
      },
      "31": {
        "start": { "line": 179, "column": 4 },
        "end": { "line": 179, "column": null }
      },
      "32": {
        "start": { "line": 181, "column": 2 },
        "end": { "line": 181, "column": null }
      },
      "33": {
        "start": { "line": 188, "column": 21 },
        "end": { "line": 188, "column": null }
      },
      "34": {
        "start": { "line": 189, "column": 2 },
        "end": { "line": 198, "column": null }
      },
      "35": {
        "start": { "line": 190, "column": 4 },
        "end": { "line": 192, "column": null }
      },
      "36": {
        "start": { "line": 191, "column": 6 },
        "end": { "line": 191, "column": null }
      },
      "37": {
        "start": { "line": 193, "column": 16 },
        "end": { "line": 193, "column": null }
      },
      "38": {
        "start": { "line": 194, "column": 4 },
        "end": { "line": 196, "column": null }
      },
      "39": {
        "start": { "line": 195, "column": 6 },
        "end": { "line": 195, "column": null }
      },
      "40": {
        "start": { "line": 197, "column": 4 },
        "end": { "line": 197, "column": null }
      },
      "41": {
        "start": { "line": 200, "column": 2 },
        "end": { "line": 211, "column": null }
      },
      "42": {
        "start": { "line": 201, "column": 4 },
        "end": { "line": 203, "column": null }
      },
      "43": {
        "start": { "line": 202, "column": 6 },
        "end": { "line": 202, "column": null }
      },
      "44": {
        "start": { "line": 204, "column": 23 },
        "end": { "line": 204, "column": null }
      },
      "45": {
        "start": { "line": 205, "column": 4 },
        "end": { "line": 207, "column": null }
      },
      "46": {
        "start": { "line": 206, "column": 6 },
        "end": { "line": 206, "column": null }
      },
      "47": {
        "start": { "line": 208, "column": 4 },
        "end": { "line": 210, "column": null }
      },
      "48": {
        "start": { "line": 209, "column": 6 },
        "end": { "line": 209, "column": null }
      },
      "49": {
        "start": { "line": 213, "column": 2 },
        "end": { "line": 213, "column": null }
      },
      "50": {
        "start": { "line": 220, "column": 21 },
        "end": { "line": 220, "column": null }
      },
      "51": {
        "start": { "line": 221, "column": 2 },
        "end": { "line": 230, "column": null }
      },
      "52": {
        "start": { "line": 222, "column": 4 },
        "end": { "line": 224, "column": null }
      },
      "53": {
        "start": { "line": 223, "column": 6 },
        "end": { "line": 223, "column": null }
      },
      "54": {
        "start": { "line": 225, "column": 16 },
        "end": { "line": 225, "column": null }
      },
      "55": {
        "start": { "line": 226, "column": 4 },
        "end": { "line": 228, "column": null }
      },
      "56": {
        "start": { "line": 227, "column": 6 },
        "end": { "line": 227, "column": null }
      },
      "57": {
        "start": { "line": 229, "column": 4 },
        "end": { "line": 229, "column": null }
      },
      "58": {
        "start": { "line": 232, "column": 2 },
        "end": { "line": 246, "column": null }
      },
      "59": {
        "start": { "line": 233, "column": 4 },
        "end": { "line": 235, "column": null }
      },
      "60": {
        "start": { "line": 234, "column": 6 },
        "end": { "line": 234, "column": null }
      },
      "61": {
        "start": { "line": 236, "column": 23 },
        "end": { "line": 236, "column": null }
      },
      "62": {
        "start": { "line": 237, "column": 4 },
        "end": { "line": 239, "column": null }
      },
      "63": {
        "start": { "line": 238, "column": 6 },
        "end": { "line": 238, "column": null }
      },
      "64": {
        "start": { "line": 240, "column": 4 },
        "end": { "line": 242, "column": null }
      },
      "65": {
        "start": { "line": 241, "column": 6 },
        "end": { "line": 241, "column": null }
      },
      "66": {
        "start": { "line": 243, "column": 4 },
        "end": { "line": 245, "column": null }
      },
      "67": {
        "start": { "line": 244, "column": 6 },
        "end": { "line": 244, "column": null }
      },
      "68": {
        "start": { "line": 248, "column": 2 },
        "end": { "line": 248, "column": null }
      },
      "69": {
        "start": { "line": 252, "column": 2 },
        "end": { "line": 254, "column": null }
      },
      "70": {
        "start": { "line": 253, "column": 4 },
        "end": { "line": 253, "column": null }
      },
      "71": {
        "start": { "line": 255, "column": 14 },
        "end": { "line": 255, "column": null }
      },
      "72": {
        "start": { "line": 257, "column": 2 },
        "end": { "line": 264, "column": null }
      },
      "73": {
        "start": { "line": 263, "column": 4 },
        "end": { "line": 263, "column": null }
      },
      "74": {
        "start": { "line": 266, "column": 2 },
        "end": { "line": 274, "column": null }
      },
      "75": {
        "start": { "line": 273, "column": 4 },
        "end": { "line": 273, "column": null }
      },
      "76": {
        "start": { "line": 276, "column": 2 },
        "end": { "line": 287, "column": null }
      },
      "77": {
        "start": { "line": 277, "column": 4 },
        "end": { "line": 286, "column": null }
      },
      "78": {
        "start": { "line": 285, "column": 6 },
        "end": { "line": 285, "column": null }
      },
      "79": {
        "start": { "line": 289, "column": 2 },
        "end": { "line": 301, "column": null }
      },
      "80": {
        "start": { "line": 290, "column": 4 },
        "end": { "line": 300, "column": null }
      },
      "81": {
        "start": { "line": 299, "column": 6 },
        "end": { "line": 299, "column": null }
      },
      "82": {
        "start": { "line": 303, "column": 2 },
        "end": { "line": 314, "column": null }
      },
      "83": {
        "start": { "line": 304, "column": 4 },
        "end": { "line": 313, "column": null }
      },
      "84": {
        "start": { "line": 312, "column": 6 },
        "end": { "line": 312, "column": null }
      },
      "85": {
        "start": { "line": 316, "column": 2 },
        "end": { "line": 325, "column": null }
      },
      "86": {
        "start": { "line": 317, "column": 4 },
        "end": { "line": 324, "column": null }
      },
      "87": {
        "start": { "line": 323, "column": 6 },
        "end": { "line": 323, "column": null }
      },
      "88": {
        "start": { "line": 327, "column": 2 },
        "end": { "line": 327, "column": null }
      },
      "89": {
        "start": { "line": 331, "column": 2 },
        "end": { "line": 333, "column": null }
      },
      "90": {
        "start": { "line": 332, "column": 4 },
        "end": { "line": 332, "column": null }
      },
      "91": {
        "start": { "line": 334, "column": 14 },
        "end": { "line": 334, "column": null }
      },
      "92": {
        "start": { "line": 335, "column": 2 },
        "end": { "line": 337, "column": null }
      },
      "93": {
        "start": { "line": 336, "column": 4 },
        "end": { "line": 336, "column": null }
      },
      "94": {
        "start": { "line": 338, "column": 2 },
        "end": { "line": 338, "column": null }
      },
      "95": {
        "start": { "line": 342, "column": 2 },
        "end": { "line": 344, "column": null }
      },
      "96": {
        "start": { "line": 343, "column": 4 },
        "end": { "line": 343, "column": null }
      },
      "97": {
        "start": { "line": 345, "column": 14 },
        "end": { "line": 345, "column": null }
      },
      "98": {
        "start": { "line": 346, "column": 2 },
        "end": { "line": 348, "column": null }
      },
      "99": {
        "start": { "line": 347, "column": 4 },
        "end": { "line": 347, "column": null }
      },
      "100": {
        "start": { "line": 349, "column": 2 },
        "end": { "line": 356, "column": null }
      },
      "101": {
        "start": { "line": 355, "column": 4 },
        "end": { "line": 355, "column": null }
      },
      "102": {
        "start": { "line": 358, "column": 2 },
        "end": { "line": 366, "column": null }
      },
      "103": {
        "start": { "line": 365, "column": 4 },
        "end": { "line": 365, "column": null }
      },
      "104": {
        "start": { "line": 368, "column": 2 },
        "end": { "line": 379, "column": null }
      },
      "105": {
        "start": { "line": 369, "column": 4 },
        "end": { "line": 378, "column": null }
      },
      "106": {
        "start": { "line": 377, "column": 6 },
        "end": { "line": 377, "column": null }
      },
      "107": {
        "start": { "line": 381, "column": 2 },
        "end": { "line": 393, "column": null }
      },
      "108": {
        "start": { "line": 382, "column": 4 },
        "end": { "line": 392, "column": null }
      },
      "109": {
        "start": { "line": 391, "column": 6 },
        "end": { "line": 391, "column": null }
      },
      "110": {
        "start": { "line": 395, "column": 2 },
        "end": { "line": 406, "column": null }
      },
      "111": {
        "start": { "line": 396, "column": 4 },
        "end": { "line": 405, "column": null }
      },
      "112": {
        "start": { "line": 404, "column": 6 },
        "end": { "line": 404, "column": null }
      },
      "113": {
        "start": { "line": 408, "column": 2 },
        "end": { "line": 417, "column": null }
      },
      "114": {
        "start": { "line": 409, "column": 4 },
        "end": { "line": 416, "column": null }
      },
      "115": {
        "start": { "line": 415, "column": 6 },
        "end": { "line": 415, "column": null }
      },
      "116": {
        "start": { "line": 419, "column": 2 },
        "end": { "line": 419, "column": null }
      },
      "117": {
        "start": { "line": 423, "column": 2 },
        "end": { "line": 425, "column": null }
      },
      "118": {
        "start": { "line": 424, "column": 4 },
        "end": { "line": 424, "column": null }
      },
      "119": {
        "start": { "line": 426, "column": 14 },
        "end": { "line": 426, "column": null }
      },
      "120": {
        "start": { "line": 427, "column": 2 },
        "end": { "line": 429, "column": null }
      },
      "121": {
        "start": { "line": 428, "column": 4 },
        "end": { "line": 428, "column": null }
      },
      "122": {
        "start": { "line": 430, "column": 2 },
        "end": { "line": 437, "column": null }
      },
      "123": {
        "start": { "line": 436, "column": 4 },
        "end": { "line": 436, "column": null }
      },
      "124": {
        "start": { "line": 439, "column": 2 },
        "end": { "line": 447, "column": null }
      },
      "125": {
        "start": { "line": 446, "column": 4 },
        "end": { "line": 446, "column": null }
      },
      "126": {
        "start": { "line": 449, "column": 2 },
        "end": { "line": 460, "column": null }
      },
      "127": {
        "start": { "line": 450, "column": 4 },
        "end": { "line": 459, "column": null }
      },
      "128": {
        "start": { "line": 458, "column": 6 },
        "end": { "line": 458, "column": null }
      },
      "129": {
        "start": { "line": 462, "column": 2 },
        "end": { "line": 479, "column": null }
      },
      "130": {
        "start": { "line": 463, "column": 4 },
        "end": { "line": 465, "column": null }
      },
      "131": {
        "start": { "line": 464, "column": 6 },
        "end": { "line": 464, "column": null }
      },
      "132": {
        "start": { "line": 466, "column": 14 },
        "end": { "line": 466, "column": null }
      },
      "133": {
        "start": { "line": 467, "column": 4 },
        "end": { "line": 475, "column": null }
      },
      "134": {
        "start": { "line": 474, "column": 6 },
        "end": { "line": 474, "column": null }
      },
      "135": {
        "start": { "line": 476, "column": 4 },
        "end": { "line": 478, "column": null }
      },
      "136": {
        "start": { "line": 477, "column": 6 },
        "end": { "line": 477, "column": null }
      },
      "137": {
        "start": { "line": 481, "column": 2 },
        "end": { "line": 496, "column": null }
      },
      "138": {
        "start": { "line": 482, "column": 4 },
        "end": { "line": 484, "column": null }
      },
      "139": {
        "start": { "line": 483, "column": 6 },
        "end": { "line": 483, "column": null }
      },
      "140": {
        "start": { "line": 485, "column": 14 },
        "end": { "line": 485, "column": null }
      },
      "141": {
        "start": { "line": 486, "column": 4 },
        "end": { "line": 492, "column": null }
      },
      "142": {
        "start": { "line": 491, "column": 6 },
        "end": { "line": 491, "column": null }
      },
      "143": {
        "start": { "line": 493, "column": 4 },
        "end": { "line": 495, "column": null }
      },
      "144": {
        "start": { "line": 494, "column": 6 },
        "end": { "line": 494, "column": null }
      },
      "145": {
        "start": { "line": 498, "column": 2 },
        "end": { "line": 507, "column": null }
      },
      "146": {
        "start": { "line": 499, "column": 4 },
        "end": { "line": 506, "column": null }
      },
      "147": {
        "start": { "line": 505, "column": 6 },
        "end": { "line": 505, "column": null }
      },
      "148": {
        "start": { "line": 509, "column": 2 },
        "end": { "line": 509, "column": null }
      },
      "149": {
        "start": { "line": 513, "column": 2 },
        "end": { "line": 515, "column": null }
      },
      "150": {
        "start": { "line": 514, "column": 4 },
        "end": { "line": 514, "column": null }
      },
      "151": {
        "start": { "line": 516, "column": 14 },
        "end": { "line": 516, "column": null }
      },
      "152": {
        "start": { "line": 517, "column": 2 },
        "end": { "line": 519, "column": null }
      },
      "153": {
        "start": { "line": 518, "column": 4 },
        "end": { "line": 518, "column": null }
      },
      "154": {
        "start": { "line": 520, "column": 2 },
        "end": { "line": 527, "column": null }
      },
      "155": {
        "start": { "line": 526, "column": 4 },
        "end": { "line": 526, "column": null }
      },
      "156": {
        "start": { "line": 529, "column": 2 },
        "end": { "line": 537, "column": null }
      },
      "157": {
        "start": { "line": 536, "column": 4 },
        "end": { "line": 536, "column": null }
      },
      "158": {
        "start": { "line": 539, "column": 2 },
        "end": { "line": 550, "column": null }
      },
      "159": {
        "start": { "line": 540, "column": 4 },
        "end": { "line": 549, "column": null }
      },
      "160": {
        "start": { "line": 548, "column": 6 },
        "end": { "line": 548, "column": null }
      },
      "161": {
        "start": { "line": 552, "column": 2 },
        "end": { "line": 583, "column": null }
      },
      "162": {
        "start": { "line": 553, "column": 4 },
        "end": { "line": 555, "column": null }
      },
      "163": {
        "start": { "line": 554, "column": 6 },
        "end": { "line": 554, "column": null }
      },
      "164": {
        "start": { "line": 556, "column": 14 },
        "end": { "line": 556, "column": null }
      },
      "165": {
        "start": { "line": 558, "column": 4 },
        "end": { "line": 566, "column": null }
      },
      "166": {
        "start": { "line": 565, "column": 6 },
        "end": { "line": 565, "column": null }
      },
      "167": {
        "start": { "line": 568, "column": 4 },
        "end": { "line": 570, "column": null }
      },
      "168": {
        "start": { "line": 569, "column": 6 },
        "end": { "line": 569, "column": null }
      },
      "169": {
        "start": { "line": 572, "column": 4 },
        "end": { "line": 574, "column": null }
      },
      "170": {
        "start": { "line": 573, "column": 6 },
        "end": { "line": 573, "column": null }
      },
      "171": {
        "start": { "line": 576, "column": 4 },
        "end": { "line": 578, "column": null }
      },
      "172": {
        "start": { "line": 577, "column": 6 },
        "end": { "line": 577, "column": null }
      },
      "173": {
        "start": { "line": 580, "column": 4 },
        "end": { "line": 582, "column": null }
      },
      "174": {
        "start": { "line": 581, "column": 6 },
        "end": { "line": 581, "column": null }
      },
      "175": {
        "start": { "line": 585, "column": 2 },
        "end": { "line": 600, "column": null }
      },
      "176": {
        "start": { "line": 586, "column": 4 },
        "end": { "line": 588, "column": null }
      },
      "177": {
        "start": { "line": 587, "column": 6 },
        "end": { "line": 587, "column": null }
      },
      "178": {
        "start": { "line": 589, "column": 14 },
        "end": { "line": 589, "column": null }
      },
      "179": {
        "start": { "line": 590, "column": 4 },
        "end": { "line": 596, "column": null }
      },
      "180": {
        "start": { "line": 595, "column": 6 },
        "end": { "line": 595, "column": null }
      },
      "181": {
        "start": { "line": 597, "column": 4 },
        "end": { "line": 599, "column": null }
      },
      "182": {
        "start": { "line": 598, "column": 6 },
        "end": { "line": 598, "column": null }
      },
      "183": {
        "start": { "line": 602, "column": 2 },
        "end": { "line": 611, "column": null }
      },
      "184": {
        "start": { "line": 603, "column": 4 },
        "end": { "line": 610, "column": null }
      },
      "185": {
        "start": { "line": 609, "column": 6 },
        "end": { "line": 609, "column": null }
      },
      "186": {
        "start": { "line": 613, "column": 2 },
        "end": { "line": 613, "column": null }
      }
    },
    "fnMap": {
      "0": {
        "name": "isSchemaVersion",
        "decl": {
          "start": { "line": 99, "column": 9 },
          "end": { "line": 99, "column": 25 }
        },
        "loc": {
          "start": { "line": 99, "column": 65 },
          "end": { "line": 101, "column": null }
        },
        "line": 99
      },
      "1": {
        "name": "isLegacySchemaVersionV1",
        "decl": {
          "start": { "line": 103, "column": 9 },
          "end": { "line": 103, "column": null }
        },
        "loc": {
          "start": { "line": 105, "column": 44 },
          "end": { "line": 107, "column": null }
        },
        "line": 105
      },
      "2": {
        "name": "isLegacySchemaVersionV2",
        "decl": {
          "start": { "line": 109, "column": 9 },
          "end": { "line": 109, "column": null }
        },
        "loc": {
          "start": { "line": 111, "column": 44 },
          "end": { "line": 113, "column": null }
        },
        "line": 111
      },
      "3": {
        "name": "isLegacySchemaVersionV3",
        "decl": {
          "start": { "line": 115, "column": 9 },
          "end": { "line": 115, "column": null }
        },
        "loc": {
          "start": { "line": 117, "column": 44 },
          "end": { "line": 119, "column": null }
        },
        "line": 117
      },
      "4": {
        "name": "isMember",
        "decl": {
          "start": { "line": 121, "column": 9 },
          "end": { "line": 121, "column": null }
        },
        "loc": {
          "start": { "line": 124, "column": 22 },
          "end": { "line": 126, "column": null }
        },
        "line": 124
      },
      "5": {
        "name": "isNodeType",
        "decl": {
          "start": { "line": 128, "column": 9 },
          "end": { "line": 128, "column": 20 }
        },
        "loc": {
          "start": { "line": 128, "column": 55 },
          "end": { "line": 130, "column": null }
        },
        "line": 128
      },
      "6": {
        "name": "nodeRefFromLegacy",
        "decl": {
          "start": { "line": 132, "column": 16 },
          "end": { "line": 132, "column": 34 }
        },
        "loc": {
          "start": { "line": 132, "column": 59 },
          "end": { "line": 137, "column": null }
        },
        "line": 132
      },
      "7": {
        "name": "isNodeRef",
        "decl": {
          "start": { "line": 139, "column": 9 },
          "end": { "line": 139, "column": 19 }
        },
        "loc": {
          "start": { "line": 139, "column": 53 },
          "end": { "line": 148, "column": null }
        },
        "line": 139
      },
      "8": {
        "name": "isVariableStatus",
        "decl": {
          "start": { "line": 150, "column": 9 },
          "end": { "line": 150, "column": 26 }
        },
        "loc": {
          "start": { "line": 150, "column": 67 },
          "end": { "line": 152, "column": null }
        },
        "line": 150
      },
      "9": {
        "name": "isEpisodeType",
        "decl": {
          "start": { "line": 154, "column": 9 },
          "end": { "line": 154, "column": 23 }
        },
        "loc": {
          "start": { "line": 154, "column": 61 },
          "end": { "line": 156, "column": null }
        },
        "line": 154
      },
      "10": {
        "name": "isEpisodeStatus",
        "decl": {
          "start": { "line": 158, "column": 9 },
          "end": { "line": 158, "column": 25 }
        },
        "loc": {
          "start": { "line": 158, "column": 65 },
          "end": { "line": 160, "column": null }
        },
        "line": 158
      },
      "11": {
        "name": "isActionStatus",
        "decl": {
          "start": { "line": 162, "column": 9 },
          "end": { "line": 162, "column": 24 }
        },
        "loc": {
          "start": { "line": 162, "column": 63 },
          "end": { "line": 164, "column": null }
        },
        "line": 162
      },
      "12": {
        "name": "hasUniqueIds",
        "decl": {
          "start": { "line": 166, "column": 9 },
          "end": { "line": 166, "column": 22 }
        },
        "loc": {
          "start": { "line": 166, "column": 58 },
          "end": { "line": 182, "column": null }
        },
        "line": 166
      },
      "13": {
        "name": "actionsReferToEpisodes",
        "decl": {
          "start": { "line": 184, "column": 9 },
          "end": { "line": 184, "column": null }
        },
        "loc": {
          "start": { "line": 187, "column": 11 },
          "end": { "line": 214, "column": null }
        },
        "line": 187
      },
      "14": {
        "name": "actionsWithEpisodeIdsReferToEpisodes",
        "decl": {
          "start": { "line": 216, "column": 9 },
          "end": { "line": 216, "column": null }
        },
        "loc": {
          "start": { "line": 219, "column": 11 },
          "end": { "line": 249, "column": null }
        },
        "line": 219
      },
      "15": {
        "name": "isValidLegacyStateV0",
        "decl": {
          "start": { "line": 251, "column": 16 },
          "end": { "line": 251, "column": 37 }
        },
        "loc": {
          "start": { "line": 251, "column": 75 },
          "end": { "line": 328, "column": null }
        },
        "line": 251
      },
      "16": {
        "name": "isValidLegacyStateV1",
        "decl": {
          "start": { "line": 330, "column": 16 },
          "end": { "line": 330, "column": 37 }
        },
        "loc": {
          "start": { "line": 330, "column": 75 },
          "end": { "line": 339, "column": null }
        },
        "line": 330
      },
      "17": {
        "name": "isValidLegacyStateV2",
        "decl": {
          "start": { "line": 341, "column": 16 },
          "end": { "line": 341, "column": 37 }
        },
        "loc": {
          "start": { "line": 341, "column": 69 },
          "end": { "line": 420, "column": null }
        },
        "line": 341
      },
      "18": {
        "name": "isValidLegacyStateV3",
        "decl": {
          "start": { "line": 422, "column": 16 },
          "end": { "line": 422, "column": 37 }
        },
        "loc": {
          "start": { "line": 422, "column": 69 },
          "end": { "line": 510, "column": null }
        },
        "line": 422
      },
      "19": {
        "name": "isValidStateV4",
        "decl": {
          "start": { "line": 512, "column": 16 },
          "end": { "line": 512, "column": 31 }
        },
        "loc": {
          "start": { "line": 512, "column": 61 },
          "end": { "line": 614, "column": null }
        },
        "line": 512
      }
    },
    "branchMap": {
      "0": {
        "loc": {
          "start": { "line": 129, "column": 9 },
          "end": { "line": 129, "column": null }
        },
        "type": "binary-expr",
        "locations": [
          {
            "start": { "line": 129, "column": 9 },
            "end": { "line": 129, "column": 38 }
          },
          {
            "start": { "line": 129, "column": 38 },
            "end": { "line": 129, "column": null }
          }
        ],
        "line": 129
      },
      "1": {
        "loc": {
          "start": { "line": 133, "column": 2 },
          "end": { "line": 135, "column": null }
        },
        "type": "if",
        "locations": [
          {
            "start": { "line": 133, "column": 2 },
            "end": { "line": 135, "column": null }
          },
          { "start": {}, "end": {} }
        ],
        "line": 133
      },
      "2": {
        "loc": {
          "start": { "line": 140, "column": 2 },
          "end": { "line": 142, "column": null }
        },
        "type": "if",
        "locations": [
          {
            "start": { "line": 140, "column": 2 },
            "end": { "line": 142, "column": null }
          },
          { "start": {}, "end": {} }
        ],
        "line": 140
      },
      "3": {
        "loc": {
          "start": { "line": 140, "column": 6 },
          "end": { "line": 140, "column": 51 }
        },
        "type": "binary-expr",
        "locations": [
          {
            "start": { "line": 140, "column": 6 },
            "end": { "line": 140, "column": 35 }
          },
          {
            "start": { "line": 140, "column": 35 },
            "end": { "line": 140, "column": 51 }
          }
        ],
        "line": 140
      },
      "4": {
        "loc": {
          "start": { "line": 144, "column": 2 },
          "end": { "line": 146, "column": null }
        },
        "type": "if",
        "locations": [
          {
            "start": { "line": 144, "column": 2 },
            "end": { "line": 146, "column": null }
          },
          { "start": {}, "end": {} }
        ],
        "line": 144
      },
      "5": {
        "loc": {
          "start": { "line": 147, "column": 9 },
          "end": { "line": 147, "column": null }
        },
        "type": "binary-expr",
        "locations": [
          {
            "start": { "line": 147, "column": 9 },
            "end": { "line": 147, "column": 39 }
          },
          {
            "start": { "line": 147, "column": 39 },
            "end": { "line": 147, "column": null }
          }
        ],
        "line": 147
      },
      "6": {
        "loc": {
          "start": { "line": 151, "column": 9 },
          "end": { "line": 151, "column": null }
        },
        "type": "binary-expr",
        "locations": [
          {
            "start": { "line": 151, "column": 9 },
            "end": { "line": 151, "column": 38 }
          },
          {
            "start": { "line": 151, "column": 38 },
            "end": { "line": 151, "column": null }
          }
        ],
        "line": 151
      },
      "7": {
        "loc": {
          "start": { "line": 155, "column": 9 },
          "end": { "line": 155, "column": null }
        },
        "type": "binary-expr",
        "locations": [
          {
            "start": { "line": 155, "column": 9 },
            "end": { "line": 155, "column": 38 }
          },
          {
            "start": { "line": 155, "column": 38 },
            "end": { "line": 155, "column": null }
          }
        ],
        "line": 155
      },
      "8": {
        "loc": {
          "start": { "line": 159, "column": 9 },
          "end": { "line": 159, "column": null }
        },
        "type": "binary-expr",
        "locations": [
          {
            "start": { "line": 159, "column": 9 },
            "end": { "line": 159, "column": 38 }
          },
          {
            "start": { "line": 159, "column": 38 },
            "end": { "line": 159, "column": null }
          }
        ],
        "line": 159
      },
      "9": {
        "loc": {
          "start": { "line": 163, "column": 9 },
          "end": { "line": 163, "column": null }
        },
        "type": "binary-expr",
        "locations": [
          {
            "start": { "line": 163, "column": 9 },
            "end": { "line": 163, "column": 38 }
          },
          {
            "start": { "line": 163, "column": 38 },
            "end": { "line": 163, "column": null }
          }
        ],
        "line": 163
      },
      "10": {
        "loc": {
          "start": { "line": 169, "column": 4 },
          "end": { "line": 171, "column": null }
        },
        "type": "if",
        "locations": [
          {
            "start": { "line": 169, "column": 4 },
            "end": { "line": 171, "column": null }
          },
          { "start": {}, "end": {} }
        ],
        "line": 169
      },
      "11": {
        "loc": {
          "start": { "line": 169, "column": 8 },
          "end": { "line": 169, "column": 51 }
        },
        "type": "binary-expr",
        "locations": [
          {
            "start": { "line": 169, "column": 8 },
            "end": { "line": 169, "column": 36 }
          },
          {
            "start": { "line": 169, "column": 36 },
            "end": { "line": 169, "column": 51 }
          }
        ],
        "line": 169
      },
      "12": {
        "loc": {
          "start": { "line": 173, "column": 4 },
          "end": { "line": 175, "column": null }
        },
        "type": "if",
        "locations": [
          {
            "start": { "line": 173, "column": 4 },
            "end": { "line": 175, "column": null }
          },
          { "start": {}, "end": {} }
        ],
        "line": 173
      },
      "13": {
        "loc": {
          "start": { "line": 176, "column": 4 },
          "end": { "line": 178, "column": null }
        },
        "type": "if",
        "locations": [
          {
            "start": { "line": 176, "column": 4 },
            "end": { "line": 178, "column": null }
          },
          { "start": {}, "end": {} }
        ],
        "line": 176
      },
      "14": {
        "loc": {
          "start": { "line": 190, "column": 4 },
          "end": { "line": 192, "column": null }
        },
        "type": "if",
        "locations": [
          {
            "start": { "line": 190, "column": 4 },
            "end": { "line": 192, "column": null }
          },
          { "start": {}, "end": {} }
        ],
        "line": 190
      },
      "15": {
        "loc": {
          "start": { "line": 190, "column": 8 },
          "end": { "line": 190, "column": 57 }
        },
        "type": "binary-expr",
        "locations": [
          {
            "start": { "line": 190, "column": 8 },
            "end": { "line": 190, "column": 39 }
          },
          {
            "start": { "line": 190, "column": 39 },
            "end": { "line": 190, "column": 57 }
          }
        ],
        "line": 190
      },
      "16": {
        "loc": {
          "start": { "line": 194, "column": 4 },
          "end": { "line": 196, "column": null }
        },
        "type": "if",
        "locations": [
          {
            "start": { "line": 194, "column": 4 },
            "end": { "line": 196, "column": null }
          },
          { "start": {}, "end": {} }
        ],
        "line": 194
      },
      "17": {
        "loc": {
          "start": { "line": 201, "column": 4 },
          "end": { "line": 203, "column": null }
        },
        "type": "if",
        "locations": [
          {
            "start": { "line": 201, "column": 4 },
            "end": { "line": 203, "column": null }
          },
          { "start": {}, "end": {} }
        ],
        "line": 201
      },
      "18": {
        "loc": {
          "start": { "line": 201, "column": 8 },
          "end": { "line": 201, "column": 55 }
        },
        "type": "binary-expr",
        "locations": [
          {
            "start": { "line": 201, "column": 8 },
            "end": { "line": 201, "column": 38 }
          },
          {
            "start": { "line": 201, "column": 38 },
            "end": { "line": 201, "column": 55 }
          }
        ],
        "line": 201
      },
      "19": {
        "loc": {
          "start": { "line": 205, "column": 4 },
          "end": { "line": 207, "column": null }
        },
        "type": "if",
        "locations": [
          {
            "start": { "line": 205, "column": 4 },
            "end": { "line": 207, "column": null }
          },
          { "start": {}, "end": {} }
        ],
        "line": 205
      },
      "20": {
        "loc": {
          "start": { "line": 208, "column": 4 },
          "end": { "line": 210, "column": null }
        },
        "type": "if",
        "locations": [
          {
            "start": { "line": 208, "column": 4 },
            "end": { "line": 210, "column": null }
          },
          { "start": {}, "end": {} }
        ],
        "line": 208
      },
      "21": {
        "loc": {
          "start": { "line": 222, "column": 4 },
          "end": { "line": 224, "column": null }
        },
        "type": "if",
        "locations": [
          {
            "start": { "line": 222, "column": 4 },
            "end": { "line": 224, "column": null }
          },
          { "start": {}, "end": {} }
        ],
        "line": 222
      },
      "22": {
        "loc": {
          "start": { "line": 222, "column": 8 },
          "end": { "line": 222, "column": 57 }
        },
        "type": "binary-expr",
        "locations": [
          {
            "start": { "line": 222, "column": 8 },
            "end": { "line": 222, "column": 39 }
          },
          {
            "start": { "line": 222, "column": 39 },
            "end": { "line": 222, "column": 57 }
          }
        ],
        "line": 222
      },
      "23": {
        "loc": {
          "start": { "line": 226, "column": 4 },
          "end": { "line": 228, "column": null }
        },
        "type": "if",
        "locations": [
          {
            "start": { "line": 226, "column": 4 },
            "end": { "line": 228, "column": null }
          },
          { "start": {}, "end": {} }
        ],
        "line": 226
      },
      "24": {
        "loc": {
          "start": { "line": 233, "column": 4 },
          "end": { "line": 235, "column": null }
        },
        "type": "if",
        "locations": [
          {
            "start": { "line": 233, "column": 4 },
            "end": { "line": 235, "column": null }
          },
          { "start": {}, "end": {} }
        ],
        "line": 233
      },
      "25": {
        "loc": {
          "start": { "line": 233, "column": 8 },
          "end": { "line": 233, "column": 55 }
        },
        "type": "binary-expr",
        "locations": [
          {
            "start": { "line": 233, "column": 8 },
            "end": { "line": 233, "column": 38 }
          },
          {
            "start": { "line": 233, "column": 38 },
            "end": { "line": 233, "column": 55 }
          }
        ],
        "line": 233
      },
      "26": {
        "loc": {
          "start": { "line": 237, "column": 4 },
          "end": { "line": 239, "column": null }
        },
        "type": "if",
        "locations": [
          {
            "start": { "line": 237, "column": 4 },
            "end": { "line": 239, "column": null }
          },
          { "start": {}, "end": {} }
        ],
        "line": 237
      },
      "27": {
        "loc": {
          "start": { "line": 240, "column": 4 },
          "end": { "line": 242, "column": null }
        },
        "type": "if",
        "locations": [
          {
            "start": { "line": 240, "column": 4 },
            "end": { "line": 242, "column": null }
          },
          { "start": {}, "end": {} }
        ],
        "line": 240
      },
      "28": {
        "loc": {
          "start": { "line": 243, "column": 4 },
          "end": { "line": 245, "column": null }
        },
        "type": "if",
        "locations": [
          {
            "start": { "line": 243, "column": 4 },
            "end": { "line": 245, "column": null }
          },
          { "start": {}, "end": {} }
        ],
        "line": 243
      },
      "29": {
        "loc": {
          "start": { "line": 252, "column": 2 },
          "end": { "line": 254, "column": null }
        },
        "type": "if",
        "locations": [
          {
            "start": { "line": 252, "column": 2 },
            "end": { "line": 254, "column": null }
          },
          { "start": {}, "end": {} }
        ],
        "line": 252
      },
      "30": {
        "loc": {
          "start": { "line": 252, "column": 6 },
          "end": { "line": 252, "column": 49 }
        },
        "type": "binary-expr",
        "locations": [
          {
            "start": { "line": 252, "column": 6 },
            "end": { "line": 252, "column": 34 }
          },
          {
            "start": { "line": 252, "column": 34 },
            "end": { "line": 252, "column": 49 }
          }
        ],
        "line": 252
      },
      "31": {
        "loc": {
          "start": { "line": 257, "column": 2 },
          "end": { "line": 264, "column": null }
        },
        "type": "if",
        "locations": [
          {
            "start": { "line": 257, "column": 2 },
            "end": { "line": 264, "column": null }
          },
          { "start": {}, "end": {} }
        ],
        "line": 257
      },
      "32": {
        "loc": {
          "start": { "line": 258, "column": 4 },
          "end": { "line": 261, "column": null }
        },
        "type": "binary-expr",
        "locations": [
          {
            "start": { "line": 258, "column": 4 },
            "end": { "line": 258, "column": null }
          },
          {
            "start": { "line": 259, "column": 4 },
            "end": { "line": 259, "column": null }
          },
          {
            "start": { "line": 260, "column": 4 },
            "end": { "line": 260, "column": null }
          },
          {
            "start": { "line": 261, "column": 4 },
            "end": { "line": 261, "column": null }
          }
        ],
        "line": 258
      },
      "33": {
        "loc": {
          "start": { "line": 266, "column": 2 },
          "end": { "line": 274, "column": null }
        },
        "type": "if",
        "locations": [
          {
            "start": { "line": 266, "column": 2 },
            "end": { "line": 274, "column": null }
          },
          { "start": {}, "end": {} }
        ],
        "line": 266
      },
      "34": {
        "loc": {
          "start": { "line": 267, "column": 4 },
          "end": { "line": 271, "column": null }
        },
        "type": "binary-expr",
        "locations": [
          {
            "start": { "line": 267, "column": 4 },
            "end": { "line": 267, "column": null }
          },
          {
            "start": { "line": 268, "column": 4 },
            "end": { "line": 268, "column": null }
          },
          {
            "start": { "line": 269, "column": 4 },
            "end": { "line": 269, "column": null }
          },
          {
            "start": { "line": 270, "column": 4 },
            "end": { "line": 270, "column": null }
          },
          {
            "start": { "line": 271, "column": 4 },
            "end": { "line": 271, "column": null }
          }
        ],
        "line": 267
      },
      "35": {
        "loc": {
          "start": { "line": 277, "column": 4 },
          "end": { "line": 286, "column": null }
        },
        "type": "if",
        "locations": [
          {
            "start": { "line": 277, "column": 4 },
            "end": { "line": 286, "column": null }
          },
          { "start": {}, "end": {} }
        ],
        "line": 277
      },
      "36": {
        "loc": {
          "start": { "line": 278, "column": 6 },
          "end": { "line": 283, "column": null }
        },
        "type": "binary-expr",
        "locations": [
          {
            "start": { "line": 278, "column": 6 },
            "end": { "line": 278, "column": null }
          },
          {
            "start": { "line": 279, "column": 6 },
            "end": { "line": 279, "column": null }
          },
          {
            "start": { "line": 280, "column": 6 },
            "end": { "line": 280, "column": null }
          },
          {
            "start": { "line": 281, "column": 6 },
            "end": { "line": 281, "column": null }
          },
          {
            "start": { "line": 282, "column": 6 },
            "end": { "line": 282, "column": null }
          },
          {
            "start": { "line": 283, "column": 6 },
            "end": { "line": 283, "column": null }
          }
        ],
        "line": 278
      },
      "37": {
        "loc": {
          "start": { "line": 290, "column": 4 },
          "end": { "line": 300, "column": null }
        },
        "type": "if",
        "locations": [
          {
            "start": { "line": 290, "column": 4 },
            "end": { "line": 300, "column": null }
          },
          { "start": {}, "end": {} }
        ],
        "line": 290
      },
      "38": {
        "loc": {
          "start": { "line": 291, "column": 6 },
          "end": { "line": 297, "column": null }
        },
        "type": "binary-expr",
        "locations": [
          {
            "start": { "line": 291, "column": 6 },
            "end": { "line": 291, "column": null }
          },
          {
            "start": { "line": 292, "column": 6 },
            "end": { "line": 292, "column": null }
          },
          {
            "start": { "line": 293, "column": 6 },
            "end": { "line": 293, "column": null }
          },
          {
            "start": { "line": 294, "column": 6 },
            "end": { "line": 294, "column": null }
          },
          {
            "start": { "line": 295, "column": 6 },
            "end": { "line": 295, "column": null }
          },
          {
            "start": { "line": 296, "column": 6 },
            "end": { "line": 296, "column": null }
          },
          {
            "start": { "line": 297, "column": 6 },
            "end": { "line": 297, "column": null }
          }
        ],
        "line": 291
      },
      "39": {
        "loc": {
          "start": { "line": 304, "column": 4 },
          "end": { "line": 313, "column": null }
        },
        "type": "if",
        "locations": [
          {
            "start": { "line": 304, "column": 4 },
            "end": { "line": 313, "column": null }
          },
          { "start": {}, "end": {} }
        ],
        "line": 304
      },
      "40": {
        "loc": {
          "start": { "line": 305, "column": 6 },
          "end": { "line": 310, "column": null }
        },
        "type": "binary-expr",
        "locations": [
          {
            "start": { "line": 305, "column": 6 },
            "end": { "line": 305, "column": null }
          },
          {
            "start": { "line": 306, "column": 6 },
            "end": { "line": 306, "column": null }
          },
          {
            "start": { "line": 307, "column": 6 },
            "end": { "line": 307, "column": null }
          },
          {
            "start": { "line": 308, "column": 6 },
            "end": { "line": 308, "column": null }
          },
          {
            "start": { "line": 309, "column": 6 },
            "end": { "line": 309, "column": null }
          },
          {
            "start": { "line": 310, "column": 6 },
            "end": { "line": 310, "column": null }
          }
        ],
        "line": 305
      },
      "41": {
        "loc": {
          "start": { "line": 317, "column": 4 },
          "end": { "line": 324, "column": null }
        },
        "type": "if",
        "locations": [
          {
            "start": { "line": 317, "column": 4 },
            "end": { "line": 324, "column": null }
          },
          { "start": {}, "end": {} }
        ],
        "line": 317
      },
      "42": {
        "loc": {
          "start": { "line": 318, "column": 6 },
          "end": { "line": 321, "column": null }
        },
        "type": "binary-expr",
        "locations": [
          {
            "start": { "line": 318, "column": 6 },
            "end": { "line": 318, "column": null }
          },
          {
            "start": { "line": 319, "column": 6 },
            "end": { "line": 319, "column": null }
          },
          {
            "start": { "line": 320, "column": 6 },
            "end": { "line": 320, "column": null }
          },
          {
            "start": { "line": 321, "column": 6 },
            "end": { "line": 321, "column": null }
          }
        ],
        "line": 318
      },
      "43": {
        "loc": {
          "start": { "line": 331, "column": 2 },
          "end": { "line": 333, "column": null }
        },
        "type": "if",
        "locations": [
          {
            "start": { "line": 331, "column": 2 },
            "end": { "line": 333, "column": null }
          },
          { "start": {}, "end": {} }
        ],
        "line": 331
      },
      "44": {
        "loc": {
          "start": { "line": 331, "column": 6 },
          "end": { "line": 331, "column": 49 }
        },
        "type": "binary-expr",
        "locations": [
          {
            "start": { "line": 331, "column": 6 },
            "end": { "line": 331, "column": 34 }
          },
          {
            "start": { "line": 331, "column": 34 },
            "end": { "line": 331, "column": 49 }
          }
        ],
        "line": 331
      },
      "45": {
        "loc": {
          "start": { "line": 335, "column": 2 },
          "end": { "line": 337, "column": null }
        },
        "type": "if",
        "locations": [
          {
            "start": { "line": 335, "column": 2 },
            "end": { "line": 337, "column": null }
          },
          { "start": {}, "end": {} }
        ],
        "line": 335
      },
      "46": {
        "loc": {
          "start": { "line": 342, "column": 2 },
          "end": { "line": 344, "column": null }
        },
        "type": "if",
        "locations": [
          {
            "start": { "line": 342, "column": 2 },
            "end": { "line": 344, "column": null }
          },
          { "start": {}, "end": {} }
        ],
        "line": 342
      },
      "47": {
        "loc": {
          "start": { "line": 342, "column": 6 },
          "end": { "line": 342, "column": 49 }
        },
        "type": "binary-expr",
        "locations": [
          {
            "start": { "line": 342, "column": 6 },
            "end": { "line": 342, "column": 34 }
          },
          {
            "start": { "line": 342, "column": 34 },
            "end": { "line": 342, "column": 49 }
          }
        ],
        "line": 342
      },
[...]
        "decl": {
          "start": { "line": 48, "column": 9 },
          "end": { "line": 48, "column": 20 }
        },
        "loc": {
          "start": { "line": 48, "column": 54 },
          "end": { "line": 50, "column": null }
        },
        "line": 48
      },
      "1": {
        "name": "isEpisodeType",
        "decl": {
          "start": { "line": 52, "column": 9 },
          "end": { "line": 52, "column": 23 }
        },
        "loc": {
          "start": { "line": 52, "column": 60 },
          "end": { "line": 54, "column": null }
        },
        "line": 52
      },
      "2": {
        "name": "parseNodeRef",
        "decl": {
          "start": { "line": 56, "column": 16 },
          "end": { "line": 56, "column": 29 }
        },
        "loc": {
          "start": { "line": 56, "column": 75 },
          "end": { "line": 81, "column": null }
        },
        "line": 56
      },
      "3": {
        "name": "getFlagValue",
        "decl": {
          "start": { "line": 83, "column": 9 },
          "end": { "line": 83, "column": null }
        },
        "loc": {
          "start": { "line": 86, "column": 22 },
          "end": { "line": 92, "column": null }
        },
        "line": 86
      },
      "4": {
        "name": "parseCli",
        "decl": {
          "start": { "line": 94, "column": 16 },
          "end": { "line": 94, "column": null }
        },
        "loc": {
          "start": { "line": 96, "column": 42 },
          "end": { "line": 225, "column": null }
        },
        "line": 96
      }
    },
    "branchMap": {
      "0": {
        "loc": {
          "start": { "line": 58, "column": 2 },
          "end": { "line": 63, "column": null }
        },
        "type": "if",
        "locations": [
          {
            "start": { "line": 58, "column": 2 },
            "end": { "line": 63, "column": null }
          },
          { "start": {}, "end": {} }
        ],
        "line": 58
      },
      "1": {
        "loc": {
          "start": { "line": 66, "column": 16 },
          "end": { "line": 66, "column": 31 }
        },
        "type": "binary-expr",
        "locations": [
          {
            "start": { "line": 66, "column": 16 },
            "end": { "line": 66, "column": 27 }
          },
          {
            "start": { "line": 66, "column": 27 },
            "end": { "line": 66, "column": 31 }
          }
        ],
        "line": 66
      },
      "2": {
        "loc": {
          "start": { "line": 67, "column": 14 },
          "end": { "line": 67, "column": 27 }
        },
        "type": "binary-expr",
        "locations": [
          {
            "start": { "line": 67, "column": 14 },
            "end": { "line": 67, "column": 23 }
          },
          {
            "start": { "line": 67, "column": 23 },
            "end": { "line": 67, "column": 27 }
          }
        ],
        "line": 67
      },
      "3": {
        "loc": {
          "start": { "line": 69, "column": 2 },
          "end": { "line": 74, "column": null }
        },
        "type": "if",
        "locations": [
          {
            "start": { "line": 69, "column": 2 },
            "end": { "line": 74, "column": null }
          },
          { "start": {}, "end": {} }
        ],
        "line": 69
      },
      "4": {
        "loc": {
          "start": { "line": 76, "column": 2 },
          "end": { "line": 78, "column": null }
        },
        "type": "if",
        "locations": [
          {
            "start": { "line": 76, "column": 2 },
            "end": { "line": 78, "column": null }
          },
          { "start": {}, "end": {} }
        ],
        "line": 76
      },
      "5": {
        "loc": {
          "start": { "line": 88, "column": 2 },
          "end": { "line": 88, "column": null }
        },
        "type": "if",
        "locations": [
          {
            "start": { "line": 88, "column": 2 },
            "end": { "line": 88, "column": null }
          },
          { "start": {}, "end": {} }
        ],
        "line": 88
      },
      "6": {
        "loc": {
          "start": { "line": 90, "column": 2 },
          "end": { "line": 90, "column": null }
        },
        "type": "if",
        "locations": [
          {
            "start": { "line": 90, "column": 2 },
            "end": { "line": 90, "column": null }
          },
          { "start": {}, "end": {} }
        ],
        "line": 90
      },
      "7": {
        "loc": {
          "start": { "line": 99, "column": 19 },
          "end": { "line": 99, "column": 43 }
        },
        "type": "binary-expr",
        "locations": [
          {
            "start": { "line": 99, "column": 19 },
            "end": { "line": 99, "column": 33 }
          },
          {
            "start": { "line": 99, "column": 33 },
            "end": { "line": 99, "column": 43 }
          }
        ],
        "line": 99
      },
      "8": {
        "loc": {
          "start": { "line": 104, "column": 2 },
          "end": { "line": 112, "column": null }
        },
        "type": "if",
        "locations": [
          {
            "start": { "line": 104, "column": 2 },
            "end": { "line": 112, "column": null }
          },
          {
            "start": { "line": 108, "column": 9 },
            "end": { "line": 112, "column": null }
          }
        ],
        "line": 104
      },
      "9": {
        "loc": {
          "start": { "line": 106, "column": 4 },
          "end": { "line": 106, "column": null }
        },
        "type": "if",
        "locations": [
          {
            "start": { "line": 106, "column": 4 },
            "end": { "line": 106, "column": null }
          },
          { "start": {}, "end": {} }
        ],
        "line": 106
      },
      "10": {
        "loc": {
          "start": { "line": 114, "column": 2 },
          "end": { "line": 116, "column": null }
        },
        "type": "if",
        "locations": [
          {
            "start": { "line": 114, "column": 2 },
            "end": { "line": 116, "column": null }
          },
          { "start": {}, "end": {} }
        ],
        "line": 114
      },
      "11": {
        "loc": {
          "start": { "line": 118, "column": 2 },
          "end": { "line": 146, "column": null }
        },
        "type": "if",
        "locations": [
          {
            "start": { "line": 118, "column": 2 },
            "end": { "line": 146, "column": null }
          },
          { "start": {}, "end": {} }
        ],
        "line": 118
      },
      "12": {
        "loc": {
          "start": { "line": 122, "column": 4 },
          "end": { "line": 124, "column": null }
        },
        "type": "if",
        "locations": [
          {
            "start": { "line": 122, "column": 4 },
            "end": { "line": 124, "column": null }
          },
          { "start": {}, "end": {} }
        ],
        "line": 122
      },
      "13": {
        "loc": {
          "start": { "line": 125, "column": 4 },
          "end": { "line": 127, "column": null }
        },
        "type": "if",
        "locations": [
          {
            "start": { "line": 125, "column": 4 },
            "end": { "line": 127, "column": null }
          },
          { "start": {}, "end": {} }
        ],
        "line": 125
      },
      "14": {
        "loc": {
          "start": { "line": 130, "column": 4 },
          "end": { "line": 135, "column": null }
        },
        "type": "if",
        "locations": [
          {
            "start": { "line": 130, "column": 4 },
            "end": { "line": 135, "column": null }
          },
          { "start": {}, "end": {} }
        ],
        "line": 130
      },
      "15": {
        "loc": {
          "start": { "line": 148, "column": 2 },
          "end": { "line": 165, "column": null }
        },
        "type": "if",
        "locations": [
          {
            "start": { "line": 148, "column": 2 },
            "end": { "line": 165, "column": null }
          },
          { "start": {}, "end": {} }
        ],
        "line": 148
      },
      "16": {
        "loc": {
          "start": { "line": 152, "column": 4 },
          "end": { "line": 154, "column": null }
        },
        "type": "if",
        "locations": [
          {
            "start": { "line": 152, "column": 4 },
            "end": { "line": 154, "column": null }
          },
          { "start": {}, "end": {} }
        ],
        "line": 152
      },
      "17": {
        "loc": {
          "start": { "line": 152, "column": 8 },
          "end": { "line": 152, "column": 57 }
        },
        "type": "binary-expr",
        "locations": [
          {
            "start": { "line": 152, "column": 8 },
            "end": { "line": 152, "column": 24 }
          },
          {
            "start": { "line": 152, "column": 24 },
            "end": { "line": 152, "column": 57 }
          }
        ],
        "line": 152
      },
      "18": {
        "loc": {
          "start": { "line": 161, "column": 12 },
          "end": { "line": 161, "column": null }
        },
        "type": "cond-expr",
        "locations": [
          {
            "start": { "line": 161, "column": 24 },
            "end": { "line": 161, "column": 40 }
          },
          {
            "start": { "line": 161, "column": 40 },
            "end": { "line": 161, "column": null }
          }
        ],
        "line": 161
      },
      "19": {
        "loc": {
          "start": { "line": 167, "column": 2 },
          "end": { "line": 202, "column": null }
        },
        "type": "if",
        "locations": [
          {
            "start": { "line": 167, "column": 2 },
            "end": { "line": 202, "column": null }
          },
          { "start": {}, "end": {} }
        ],
        "line": 167
      },
      "20": {
        "loc": {
          "start": { "line": 172, "column": 4 },
          "end": { "line": 174, "column": null }
        },
        "type": "if",
        "locations": [
          {
            "start": { "line": 172, "column": 4 },
            "end": { "line": 174, "column": null }
          },
          { "start": {}, "end": {} }
        ],
        "line": 172
      },
      "21": {
        "loc": {
          "start": { "line": 175, "column": 4 },
          "end": { "line": 180, "column": null }
        },
        "type": "if",
        "locations": [
          {
            "start": { "line": 175, "column": 4 },
            "end": { "line": 180, "column": null }
          },
          { "start": {}, "end": {} }
        ],
        "line": 175
      },
      "22": {
        "loc": {
          "start": { "line": 181, "column": 4 },
          "end": { "line": 183, "column": null }
        },
        "type": "if",
        "locations": [
          {
            "start": { "line": 181, "column": 4 },
            "end": { "line": 183, "column": null }
          },
          { "start": {}, "end": {} }
        ],
        "line": 181
      },
      "23": {
        "loc": {
          "start": { "line": 181, "column": 8 },
          "end": { "line": 181, "column": 53 }
        },
        "type": "binary-expr",
        "locations": [
          {
            "start": { "line": 181, "column": 8 },
            "end": { "line": 181, "column": 22 }
          },
          {
            "start": { "line": 181, "column": 22 },
            "end": { "line": 181, "column": 53 }
          }
        ],
        "line": 181
      },
      "24": {
        "loc": {
          "start": { "line": 185, "column": 4 },
          "end": { "line": 190, "column": null }
        },
        "type": "if",
        "locations": [
          {
            "start": { "line": 185, "column": 4 },
            "end": { "line": 190, "column": null }
          },
          { "start": {}, "end": {} }
        ],
        "line": 185
      },
      "25": {
        "loc": {
          "start": { "line": 185, "column": 8 },
          "end": { "line": 185, "column": 48 }
        },
        "type": "binary-expr",
        "locations": [
          {
            "start": { "line": 185, "column": 8 },
            "end": { "line": 185, "column": 35 }
          },
          {
            "start": { "line": 185, "column": 35 },
            "end": { "line": 185, "column": 48 }
          }
        ],
        "line": 185
      },
      "26": {
        "loc": {
          "start": { "line": 198, "column": 12 },
          "end": { "line": 198, "column": null }
        },
        "type": "cond-expr",
        "locations": [
          {
            "start": { "line": 198, "column": 25 },
            "end": { "line": 198, "column": 42 }
          },
          {
            "start": { "line": 198, "column": 42 },
            "end": { "line": 198, "column": null }
          }
        ],
        "line": 198
      },
      "27": {
        "loc": {
          "start": { "line": 204, "column": 2 },
          "end": { "line": 219, "column": null }
        },
        "type": "if",
        "locations": [
          {
            "start": { "line": 204, "column": 2 },
            "end": { "line": 219, "column": null }
          },
          { "start": {}, "end": {} }
        ],
        "line": 204
      },
      "28": {
        "loc": {
          "start": { "line": 207, "column": 4 },
          "end": { "line": 209, "column": null }
        },
        "type": "if",
        "locations": [
          {
            "start": { "line": 207, "column": 4 },
            "end": { "line": 209, "column": null }
          },
          { "start": {}, "end": {} }
        ],
        "line": 207
      }
    },
    "s": {
      "0": 12,
      "1": 4,
      "2": 13,
      "3": 13,
      "4": 1,
      "5": 12,
      "6": 12,
      "7": 13,
      "8": 13,
      "9": 0,
      "10": 12,
      "11": 0,
      "12": 12,
      "13": 35,
      "14": 35,
      "15": 9,
      "16": 26,
      "17": 26,
      "18": 0,
      "19": 26,
      "20": 12,
      "21": 12,
      "22": 12,
      "23": 12,
      "24": 12,
      "25": 11,
      "26": 11,
      "27": 0,
      "28": 11,
      "29": 1,
      "30": 12,
      "31": 2,
      "32": 10,
      "33": 1,
      "34": 1,
      "35": 1,
      "36": 0,
      "37": 1,
      "38": 0,
      "39": 1,
      "40": 1,
      "41": 0,
      "42": 1,
      "43": 9,
      "44": 2,
      "45": 2,
      "46": 2,
      "47": 0,
      "48": 2,
      "49": 7,
      "50": 5,
      "51": 5,
      "52": 5,
      "53": 5,
      "54": 1,
      "55": 4,
      "56": 0,
      "57": 4,
      "58": 1,
      "59": 3,
      "60": 1,
      "61": 2,
      "62": 2,
      "63": 2,
      "64": 2,
      "65": 1,
      "66": 1,
      "67": 0
    },
    "f": { "0": 12, "1": 4, "2": 13, "3": 35, "4": 12 },
    "b": {
      "0": [1, 12],
      "1": [12, 0],
      "2": [13, 0],
      "3": [0, 13],
      "4": [0, 12],
      "5": [9, 26],
      "6": [0, 26],
      "7": [12, 1],
      "8": [11, 1],
      "9": [0, 11],
      "10": [2, 10],
      "11": [1, 9],
      "12": [0, 1],
      "13": [0, 1],
      "14": [0, 1],
      "15": [2, 7],
      "16": [0, 2],
      "17": [2, 2],
      "18": [1, 1],
      "19": [5, 2],
      "20": [1, 4],
      "21": [0, 4],
      "22": [1, 3],
      "23": [4, 3],
      "24": [1, 2],
      "25": [3, 2],
      "26": [1, 1],
      "27": [2, 0],
      "28": [1, 1]
    },
    "meta": {
      "lastBranch": 29,
      "lastFunction": 5,
      "lastStatement": 68,
      "seen": {
        "f:48:9:48:20": 0,
        "s:49:2:49:Infinity": 0,
        "f:52:9:52:23": 1,
        "s:53:2:53:Infinity": 1,
        "f:56:16:56:29": 2,
        "s:57:16:57:Infinity": 2,
        "b:58:2:63:Infinity:undefined:undefined:undefined:undefined": 0,
        "s:58:2:63:Infinity": 3,
        "s:59:4:62:Infinity": 4,
        "s:65:27:65:Infinity": 5,
        "s:66:8:66:Infinity": 6,
        "b:66:16:66:27:66:27:66:31": 1,
        "s:67:8:67:Infinity": 7,
        "b:67:14:67:23:67:23:67:27": 2,
        "b:69:2:74:Infinity:undefined:undefined:undefined:undefined": 3,
        "s:69:2:74:Infinity": 8,
        "s:70:4:73:Infinity": 9,
        "b:76:2:78:Infinity:undefined:undefined:undefined:undefined": 4,
        "s:76:2:78:Infinity": 10,
        "s:77:4:77:Infinity": 11,
        "s:80:2:80:Infinity": 12,
        "f:83:9:83:Infinity": 3,
        "s:87:14:87:Infinity": 13,
        "b:88:2:88:Infinity:undefined:undefined:undefined:undefined": 5,
        "s:88:2:88:Infinity": 14,
        "s:88:15:88:Infinity": 15,
        "s:89:16:89:Infinity": 16,
        "b:90:2:90:Infinity:undefined:undefined:undefined:undefined": 6,
        "s:90:2:90:Infinity": 17,
        "s:90:14:90:Infinity": 18,
        "s:91:2:91:Infinity": 19,
        "f:94:16:94:Infinity": 4,
        "s:98:23:98:Infinity": 20,
        "s:99:8:99:Infinity": 21,
        "b:99:19:99:33:99:33:99:43": 7,
        "s:102:19:102:Infinity": 22,
        "s:103:22:103:Infinity": 23,
        "b:104:2:112:Infinity:108:9:112:Infinity": 8,
        "s:104:2:112:Infinity": 24,
        "s:105:19:105:Infinity": 25,
        "b:106:4:106:Infinity:undefined:undefined:undefined:undefined": 9,
        "s:106:4:106:Infinity": 26,
        "s:106:20:106:Infinity": 27,
        "s:107:4:107:Infinity": 28,
        "s:111:4:111:Infinity": 29,
        "b:114:2:116:Infinity:undefined:undefined:undefined:undefined": 10,
        "s:114:2:116:Infinity": 30,
        "s:115:4:115:Infinity": 31,
        "b:118:2:146:Infinity:undefined:undefined:undefined:undefined": 11,
        "s:118:2:146:Infinity": 32,
        "s:119:23:119:Infinity": 33,
        "s:120:22:120:Infinity": 34,
        "b:122:4:124:Infinity:undefined:undefined:undefined:undefined": 12,
        "s:122:4:124:Infinity": 35,
        "s:123:6:123:Infinity": 36,
        "b:125:4:127:Infinity:undefined:undefined:undefined:undefined": 13,
        "s:125:4:127:Infinity": 37,
        "s:126:6:126:Infinity": 38,
        "s:129:19:129:Infinity": 39,
        "b:130:4:135:Infinity:undefined:undefined:undefined:undefined": 14,
        "s:130:4:135:Infinity": 40,
        "s:131:6:134:Infinity": 41,
        "s:137:4:145:Infinity": 42,
        "b:148:2:165:Infinity:undefined:undefined:undefined:undefined": 15,
        "s:148:2:165:Infinity": 43,
        "s:149:22:149:Infinity": 44,
        "s:150:24:150:Infinity": 45,
        "b:152:4:154:Infinity:undefined:undefined:undefined:undefined": 16,
        "s:152:4:154:Infinity": 46,
        "b:152:8:152:24:152:24:152:57": 17,
        "s:153:6:153:Infinity": 47,
        "s:156:4:164:Infinity": 48,
        "b:161:24:161:40:161:40:161:Infinity": 18,
        "b:167:2:202:Infinity:undefined:undefined:undefined:undefined": 19,
        "s:167:2:202:Infinity": 49,
        "s:168:20:168:Infinity": 50,
        "s:169:23:169:Infinity": 51,
        "s:170:22:170:Infinity": 52,
        "b:172:4:174:Infinity:undefined:undefined:undefined:undefined": 20,
        "s:172:4:174:Infinity": 53,
        "s:173:6:173:Infinity": 54,
        "b:175:4:180:Infinity:undefined:undefined:undefined:undefined": 21,
        "s:175:4:180:Infinity": 55,
        "s:176:6:179:Infinity": 56,
        "b:181:4:183:Infinity:undefined:undefined:undefined:undefined": 22,
        "s:181:4:183:Infinity": 57,
        "b:181:8:181:22:181:22:181:53": 23,
        "s:182:6:182:Infinity": 58,
        "b:185:4:190:Infinity:undefined:undefined:undefined:undefined": 24,
        "s:185:4:190:Infinity": 59,
        "b:185:8:185:35:185:35:185:48": 25,
        "s:186:6:189:Infinity": 60,
        "s:192:4:201:Infinity": 61,
        "b:198:25:198:42:198:42:198:Infinity": 26,
        "b:204:2:219:Infinity:undefined:undefined:undefined:undefined": 27,
        "s:204:2:219:Infinity": 62,
        "s:205:22:205:Infinity": 63,
        "b:207:4:209:Infinity:undefined:undefined:undefined:undefined": 28,
        "s:207:4:209:Infinity": 64,
        "s:208:6:208:Infinity": 65,
        "s:211:4:218:Infinity": 66,
        "s:221:2:224:Infinity": 67
      }
    }
  }
}
